<?xml version="1.0" encoding="UTF-8"?>
<testng-results ignored="0" total="1" passed="1" failed="0" skipped="0">
  <reporter-output>
  </reporter-output>
  <suite started-at="2023-12-04T20:19:48 IST" name="Default suite" finished-at="2023-12-04T20:20:11 IST" duration-ms="23738">
    <groups>
    </groups>
    <test started-at="2023-12-04T20:19:48 IST" name="Default test" finished-at="2023-12-04T20:20:11 IST" duration-ms="23738">
      <class name="com.examples.Demosaucelabs">
        <test-method signature="testDemoRemoteWebDriver()[pri:0, instance:com.examples.Demosaucelabs@6771beb3]" started-at="2023-12-04T20:19:48 IST" name="testDemoRemoteWebDriver" finished-at="2023-12-04T20:20:11 IST" duration-ms="23651" status="PASS">
          <reporter-output>
          </reporter-output>
        </test-method> <!-- testDemoRemoteWebDriver -->
      </class> <!-- com.examples.Demosaucelabs -->
    </test> <!-- Default test -->
  </suite> <!-- Default suite -->
</testng-results>
