<?xml version="1.0" encoding="UTF-8"?>
<testng-results ignored="0" total="1" passed="1" failed="0" skipped="0">
  <reporter-output>
  </reporter-output>
  <suite started-at="2023-12-02T07:45:18 IST" name="Default suite" finished-at="2023-12-02T07:45:49 IST" duration-ms="30958">
    <groups>
    </groups>
    <test started-at="2023-12-02T07:45:18 IST" name="Default test" finished-at="2023-12-02T07:45:49 IST" duration-ms="30958">
      <class name="com.locators.DemoCsslocators">
        <test-method signature="demo()[pri:0, instance:com.locators.DemoCsslocators@13c9d689]" started-at="2023-12-02T07:45:18 IST" name="demo" finished-at="2023-12-02T07:45:49 IST" duration-ms="30898" status="PASS">
          <reporter-output>
          </reporter-output>
        </test-method> <!-- demo -->
      </class> <!-- com.locators.DemoCsslocators -->
    </test> <!-- Default test -->
  </suite> <!-- Default suite -->
</testng-results>
